2021-10-24 17:49:17:120  [TID      19396][INFO    ] Default Logger initialized [dmvcframework]
2021-10-24 17:49:17:145  [TID      19396][INFO    ] Server started on port 8083 [dmvcframework]
2021-10-24 17:49:25:089  [TID      24560][INFO    ] ENTER: Config default values [dmvcframework]
2021-10-24 17:49:25:089  [TID      24560][INFO    ] EXIT: Config default values [dmvcframework]
2021-10-24 17:49:25:089  [TID      24560][INFO    ] >> Custom configuration method [dmvcframework]
2021-10-24 17:49:25:089  [TID      24560][INFO    ] << Custom configuration method [dmvcframework]
2021-10-24 17:49:25:089  [TID      24560][INFO    ] ENTER: LoadSystemControllers [dmvcframework]
2021-10-24 17:49:25:089  [TID      24560][INFO    ] EXIT: LoadSystemControllers [dmvcframework]
2021-10-24 17:49:29:504  [TID      24560][ERROR   ] [EAccessViolation] Access violation at address 008C4DB1 in module 'ApiGo.exe'. Read of address 00000068 (Custom message: "Global Action Exception Handler") [dmvcframework]
2021-10-24 17:51:44:911  [TID      23848][INFO    ] Default Logger initialized [dmvcframework]
2021-10-24 17:51:44:928  [TID      23848][INFO    ] Server started on port 8083 [dmvcframework]
2021-10-24 17:51:46:479  [TID       6704][INFO    ] ENTER: Config default values [dmvcframework]
2021-10-24 17:51:46:479  [TID       6704][INFO    ] EXIT: Config default values [dmvcframework]
2021-10-24 17:51:46:479  [TID       6704][INFO    ] >> Custom configuration method [dmvcframework]
2021-10-24 17:51:46:479  [TID       6704][INFO    ] << Custom configuration method [dmvcframework]
2021-10-24 17:51:46:479  [TID       6704][INFO    ] ENTER: LoadSystemControllers [dmvcframework]
2021-10-24 17:51:46:479  [TID       6704][INFO    ] EXIT: LoadSystemControllers [dmvcframework]
2021-10-24 17:51:49:652  [TID       6704][ERROR   ] [ESQLiteNativeException] [FireDAC][Phys][SQLite] ERROR: near "123": syntax error (Custom message: "Global Action Exception Handler") [dmvcframework]
2021-10-24 17:51:54:583  [TID       6704][INFO    ] GET:/api/familias [0:0:0:0:0:0:0:1] -> UMVCcontroller.TApiGoController.GetTable - 200 OK [dmvcframework]
2021-10-24 17:51:58:686  [TID       6704][INFO    ] GET:/api/familias/12 [0:0:0:0:0:0:0:1] -> UMVCcontroller.TApiGoController.GetTableItem - 200 OK [dmvcframework]
2021-10-24 18:54:22:059  [TID      24548][INFO    ] Default Logger initialized [dmvcframework]
2021-10-24 18:54:22:059  [TID      24548][INFO    ] Server started on port 8083 [dmvcframework]
2021-10-24 18:57:03:769  [TID       2052][INFO    ] Default Logger initialized [dmvcframework]
2021-10-24 18:57:03:781  [TID       2052][INFO    ] Server started on port 8083 [dmvcframework]
2021-10-24 18:57:07:831  [TID       6964][INFO    ] ENTER: Config default values [dmvcframework]
2021-10-24 18:57:07:831  [TID       6964][INFO    ] EXIT: Config default values [dmvcframework]
2021-10-24 18:57:07:831  [TID       6964][INFO    ] >> Custom configuration method [dmvcframework]
2021-10-24 18:57:07:831  [TID       6964][INFO    ] << Custom configuration method [dmvcframework]
2021-10-24 18:57:07:831  [TID       6964][INFO    ] ENTER: LoadSystemControllers [dmvcframework]
2021-10-24 18:57:07:831  [TID       6964][INFO    ] EXIT: LoadSystemControllers [dmvcframework]
2021-10-24 18:57:07:837  [TID       6964][INFO    ] GET:/api/familias/12 [0:0:0:0:0:0:0:1] -> UMVCcontroller.TApiGoController.GetTableItem - 200 OK [dmvcframework]
2021-10-24 18:57:12:616  [TID       6964][INFO    ] GET:/api/familias [0:0:0:0:0:0:0:1] -> UMVCcontroller.TApiGoController.GetTable - 200 OK [dmvcframework]
2021-10-24 18:57:55:412  [TID      12588][INFO    ] Default Logger initialized [dmvcframework]
2021-10-24 18:57:55:412  [TID      12588][INFO    ] Server started on port 8083 [dmvcframework]
2021-10-24 18:58:02:208  [TID      23524][INFO    ] ENTER: Config default values [dmvcframework]
2021-10-24 18:58:02:208  [TID      23524][INFO    ] EXIT: Config default values [dmvcframework]
2021-10-24 18:58:02:208  [TID      23524][INFO    ] >> Custom configuration method [dmvcframework]
2021-10-24 18:58:02:208  [TID      23524][INFO    ] << Custom configuration method [dmvcframework]
2021-10-24 18:58:02:208  [TID      23524][INFO    ] ENTER: LoadSystemControllers [dmvcframework]
2021-10-24 18:58:02:208  [TID      23524][INFO    ] EXIT: LoadSystemControllers [dmvcframework]
2021-10-24 18:58:02:281  [TID      23524][INFO    ] GET:/api/productos [0:0:0:0:0:0:0:1] -> UMVCcontroller.TApiGoController.GetTable - 200 OK [dmvcframework]
2021-10-24 18:58:39:112  [TID       5976][INFO    ] GET:/api/familias [0:0:0:0:0:0:0:1] -> UMVCcontroller.TApiGoController.GetTable - 200 OK [dmvcframework]
2021-10-24 19:00:26:477  [TID      15396][INFO    ] Default Logger initialized [dmvcframework]
2021-10-24 19:00:26:477  [TID      15396][INFO    ] Server started on port 8083 [dmvcframework]
2021-10-24 19:00:35:743  [TID      23244][INFO    ] ENTER: Config default values [dmvcframework]
2021-10-24 19:00:35:743  [TID      23244][INFO    ] EXIT: Config default values [dmvcframework]
2021-10-24 19:00:35:743  [TID      23244][INFO    ] >> Custom configuration method [dmvcframework]
2021-10-24 19:00:35:743  [TID      23244][INFO    ] << Custom configuration method [dmvcframework]
2021-10-24 19:00:35:743  [TID      23244][INFO    ] ENTER: LoadSystemControllers [dmvcframework]
2021-10-24 19:00:35:743  [TID      23244][INFO    ] EXIT: LoadSystemControllers [dmvcframework]
2021-10-24 19:00:38:126  [TID      23244][ERROR   ] [ESQLiteNativeException] [FireDAC][Phys][SQLite] ERROR: no such table: corina (Custom message: "Global Action Exception Handler") [dmvcframework]
2021-10-24 19:01:02:241  [TID      22332][INFO    ] Default Logger initialized [dmvcframework]
2021-10-24 19:01:02:241  [TID      22332][INFO    ] Server started on port 8083 [dmvcframework]
2021-10-24 19:02:46:992  [TID       1864][INFO    ] Default Logger initialized [dmvcframework]
2021-10-24 19:02:46:992  [TID       1864][INFO    ] Server started on port 8083 [dmvcframework]
2021-10-24 19:02:53:742  [TID       2816][INFO    ] ENTER: Config default values [dmvcframework]
2021-10-24 19:02:53:742  [TID       2816][INFO    ] EXIT: Config default values [dmvcframework]
2021-10-24 19:02:53:742  [TID       2816][INFO    ] >> Custom configuration method [dmvcframework]
2021-10-24 19:02:53:742  [TID       2816][INFO    ] << Custom configuration method [dmvcframework]
2021-10-24 19:02:53:742  [TID       2816][INFO    ] ENTER: LoadSystemControllers [dmvcframework]
2021-10-24 19:02:53:742  [TID       2816][INFO    ] EXIT: LoadSystemControllers [dmvcframework]
2021-10-24 19:02:53:749  [TID       2816][INFO    ] GET:/api/corinas [0:0:0:0:0:0:0:1] -> UMVCcontroller.TApiGoController.GetTable - 200 OK [dmvcframework]
2021-10-24 19:03:16:451  [TID      13408][INFO    ] GET:/api/corinas/1 [0:0:0:0:0:0:0:1] -> UMVCcontroller.TApiGoController.GetTableItem - 200 OK [dmvcframework]
2021-10-24 19:03:21:355  [TID      23028][INFO    ] GET:/api/corinas/2 [0:0:0:0:0:0:0:1] -> UMVCcontroller.TApiGoController.GetTableItem - 200 OK [dmvcframework]
2021-10-24 19:03:50:549  [TID       1756][INFO    ] GET:/api/corinas [0:0:0:0:0:0:0:1] -> UMVCcontroller.TApiGoController.GetTable - 200 OK [dmvcframework]
2021-10-24 19:08:05:252  [TID       4340][INFO    ] Default Logger initialized [dmvcframework]
2021-10-24 19:08:05:252  [TID       4340][INFO    ] Server started on port 8083 [dmvcframework]
2021-10-24 19:08:10:499  [TID      18580][INFO    ] ENTER: Config default values [dmvcframework]
2021-10-24 19:08:10:499  [TID      18580][INFO    ] EXIT: Config default values [dmvcframework]
2021-10-24 19:08:10:499  [TID      18580][INFO    ] >> Custom configuration method [dmvcframework]
2021-10-24 19:08:10:499  [TID      18580][INFO    ] << Custom configuration method [dmvcframework]
2021-10-24 19:08:10:499  [TID      18580][INFO    ] ENTER: LoadSystemControllers [dmvcframework]
2021-10-24 19:08:10:499  [TID      18580][INFO    ] EXIT: LoadSystemControllers [dmvcframework]
2021-10-24 19:08:10:506  [TID      18580][INFO    ] GET:/api/corinas [0:0:0:0:0:0:0:1] -> UMVCcontroller.TApiGoController.GetTable - 200 OK [dmvcframework]
2021-10-24 19:08:14:410  [TID      18580][INFO    ] GET:/api/corinas/1 [0:0:0:0:0:0:0:1] -> UMVCcontroller.TApiGoController.GetTableItem - 200 OK [dmvcframework]
2021-10-24 19:12:31:266  [TID      22052][INFO    ] Default Logger initialized [dmvcframework]
2021-10-24 19:12:31:266  [TID      22052][INFO    ] Server started on port 8090 [dmvcframework]
2021-10-24 19:12:46:117  [TID       5432][INFO    ] ENTER: Config default values [dmvcframework]
2021-10-24 19:12:46:117  [TID       5432][INFO    ] EXIT: Config default values [dmvcframework]
2021-10-24 19:12:46:117  [TID       5432][INFO    ] >> Custom configuration method [dmvcframework]
2021-10-24 19:12:46:117  [TID       5432][INFO    ] << Custom configuration method [dmvcframework]
2021-10-24 19:12:46:117  [TID       5432][INFO    ] ENTER: LoadSystemControllers [dmvcframework]
2021-10-24 19:12:46:117  [TID       5432][INFO    ] EXIT: LoadSystemControllers [dmvcframework]
2021-10-24 19:12:46:117  [TID       5432][INFO    ] GET:/ [0:0:0:0:0:0:0:1] -> {NOT FOUND} - 404 Not Found [dmvcframework]
2021-10-24 19:12:48:094  [TID       5432][ERROR   ] [EMVCException] Not Found (Custom message: "GET /") [dmvcframework]
2021-10-24 19:12:48:205  [TID      23892][INFO    ] GET:/favicon.ico [0:0:0:0:0:0:0:1] -> {NOT FOUND} - 404 Not Found [dmvcframework]
2021-10-24 19:12:49:731  [TID      23892][ERROR   ] [EMVCException] Not Found (Custom message: "GET /favicon.ico") [dmvcframework]
2021-10-24 19:12:55:743  [TID      22012][INFO    ] GET:/api/familias [0:0:0:0:0:0:0:1] -> UMVCcontroller.TApiGoController.GetTable - 200 OK [dmvcframework]
2021-10-24 19:13:27:032  [TID      13832][INFO    ] Default Logger initialized [dmvcframework]
2021-10-24 19:13:27:032  [TID      13832][INFO    ] Server started on port 8090 [dmvcframework]
2021-10-24 19:13:32:604  [TID       4180][INFO    ] ENTER: Config default values [dmvcframework]
2021-10-24 19:13:32:604  [TID       4180][INFO    ] EXIT: Config default values [dmvcframework]
2021-10-24 19:13:32:604  [TID       4180][INFO    ] >> Custom configuration method [dmvcframework]
2021-10-24 19:13:32:604  [TID       4180][INFO    ] << Custom configuration method [dmvcframework]
2021-10-24 19:13:32:604  [TID       4180][INFO    ] ENTER: LoadSystemControllers [dmvcframework]
2021-10-24 19:13:32:604  [TID       4180][INFO    ] EXIT: LoadSystemControllers [dmvcframework]
2021-10-24 19:13:32:611  [TID       4180][INFO    ] GET:/apigo/familias [0:0:0:0:0:0:0:1] -> UMVCcontroller.TApiGoController.GetTable - 200 OK [dmvcframework]
2021-10-24 19:13:40:361  [TID       4180][ERROR   ] [ESQLiteNativeException] [FireDAC][Phys][SQLite] ERROR: no such table: corina (Custom message: "Global Action Exception Handler") [dmvcframework]
2021-10-24 19:13:43:044  [TID       4180][INFO    ] GET:/apigo/corinas [0:0:0:0:0:0:0:1] -> UMVCcontroller.TApiGoController.GetTable - 200 OK [dmvcframework]
2021-10-24 19:15:14:589  [TID      16236][INFO    ] Default Logger initialized [dmvcframework]
2021-10-24 19:15:14:589  [TID      16236][INFO    ] Server started on port 8090 [dmvcframework]
2021-10-24 19:15:25:450  [TID      22004][INFO    ] ENTER: Config default values [dmvcframework]
2021-10-24 19:15:25:450  [TID      22004][INFO    ] EXIT: Config default values [dmvcframework]
2021-10-24 19:15:25:450  [TID      22004][INFO    ] >> Custom configuration method [dmvcframework]
2021-10-24 19:15:25:450  [TID      22004][INFO    ] << Custom configuration method [dmvcframework]
2021-10-24 19:15:25:450  [TID      22004][INFO    ] ENTER: LoadSystemControllers [dmvcframework]
2021-10-24 19:15:25:450  [TID      22004][INFO    ] EXIT: LoadSystemControllers [dmvcframework]
2021-10-24 19:15:25:451  [TID      22004][INFO    ] GET:/apigo [0:0:0:0:0:0:0:1] -> UMVCcontroller.TApiGoController.Index - 200 OK [dmvcframework]
2021-10-24 19:15:25:527  [TID      22004][INFO    ] GET:/favicon.ico [0:0:0:0:0:0:0:1] -> {NOT FOUND} - 404 Not Found [dmvcframework]
2021-10-24 19:15:30:443  [TID      22004][ERROR   ] [EMVCException] Not Found (Custom message: "GET /favicon.ico") [dmvcframework]
2021-10-24 20:04:24:968  [TID       7280][INFO    ] Default Logger initialized [dmvcframework]
2021-10-24 20:04:24:968  [TID       7280][INFO    ] Server started on port 8090 [dmvcframework]
2021-10-24 20:05:43:616  [TID      12928][INFO    ] ENTER: Config default values [dmvcframework]
2021-10-24 20:05:43:616  [TID      12928][INFO    ] EXIT: Config default values [dmvcframework]
2021-10-24 20:05:43:616  [TID      12928][INFO    ] >> Custom configuration method [dmvcframework]
2021-10-24 20:05:43:616  [TID      12928][INFO    ] << Custom configuration method [dmvcframework]
2021-10-24 20:05:43:617  [TID      12928][INFO    ] ENTER: LoadSystemControllers [dmvcframework]
2021-10-24 20:05:43:617  [TID      12928][INFO    ] EXIT: LoadSystemControllers [dmvcframework]
2021-10-24 20:05:43:634  [TID      12928][INFO    ] GET:/ [0:0:0:0:0:0:0:1] -> {NOT FOUND} - 404 Not Found [dmvcframework]
2021-10-24 20:05:45:627  [TID      12928][ERROR   ] [EMVCException] Not Found (Custom message: "GET /") [dmvcframework]
2021-10-24 20:05:45:789  [TID      20916][INFO    ] GET:/favicon.ico [0:0:0:0:0:0:0:1] -> {NOT FOUND} - 404 Not Found [dmvcframework]
2021-10-24 20:05:53:647  [TID      20916][ERROR   ] [EMVCException] Not Found (Custom message: "GET /favicon.ico") [dmvcframework]
2021-10-24 20:05:53:711  [TID      20080][INFO    ] GET:/apigo/corinas [0:0:0:0:0:0:0:1] -> UMVCcontroller.TApiGoController.GetTable - 200 OK [dmvcframework]
2021-10-24 20:06:04:254  [TID      12108][INFO    ] GET:/apigo/corinas [0:0:0:0:0:0:0:1] -> UMVCcontroller.TApiGoController.GetTable - 200 OK [dmvcframework]
2021-10-24 20:06:56:616  [TID      12108][INFO    ] PUT:/apigo/corinas [0:0:0:0:0:0:0:1] -> {NOT FOUND} - 404 Not Found [dmvcframework]
2021-10-24 20:07:07:449  [TID      12108][ERROR   ] [EMVCException] Not Found (Custom message: "PUT /apigo/corinas") [dmvcframework]
2021-10-24 20:07:46:184  [TID      24196][INFO    ] PUT:/apigo/corinas [0:0:0:0:0:0:0:1] -> {NOT FOUND} - 404 Not Found [dmvcframework]
2021-10-24 20:07:49:626  [TID      24196][ERROR   ] [EMVCException] Not Found (Custom message: "PUT /apigo/corinas") [dmvcframework]
2021-10-24 20:08:09:755  [TID      16056][INFO    ] PUT:/apigo/corinas [0:0:0:0:0:0:0:1] -> {NOT FOUND} - 404 Not Found [dmvcframework]
2021-10-24 20:08:12:437  [TID      16056][ERROR   ] [EMVCException] Not Found (Custom message: "PUT /apigo/corinas") [dmvcframework]
2021-10-24 20:08:20:404  [TID      13504][INFO    ] PUT:/apigo/corinas [0:0:0:0:0:0:0:1] -> {NOT FOUND} - 404 Not Found [dmvcframework]
2021-10-24 20:08:21:741  [TID      13504][ERROR   ] [EMVCException] Not Found (Custom message: "PUT /apigo/corinas") [dmvcframework]
2021-10-24 20:08:34:807  [TID      23296][INFO    ] GET:/apigo/corinas [0:0:0:0:0:0:0:1] -> UMVCcontroller.TApiGoController.GetTable - 200 OK [dmvcframework]
2021-10-24 20:10:28:831  [TID      21188][INFO    ] Default Logger initialized [dmvcframework]
2021-10-24 20:10:28:831  [TID      21188][INFO    ] Server started on port 8090 [dmvcframework]
2021-10-24 20:10:53:162  [TID      23324][INFO    ] ENTER: Config default values [dmvcframework]
2021-10-24 20:10:53:162  [TID      23324][INFO    ] EXIT: Config default values [dmvcframework]
2021-10-24 20:10:53:162  [TID      23324][INFO    ] >> Custom configuration method [dmvcframework]
2021-10-24 20:10:53:162  [TID      23324][INFO    ] << Custom configuration method [dmvcframework]
2021-10-24 20:10:53:162  [TID      23324][INFO    ] ENTER: LoadSystemControllers [dmvcframework]
2021-10-24 20:10:53:162  [TID      23324][INFO    ] EXIT: LoadSystemControllers [dmvcframework]
2021-10-24 20:10:53:163  [TID      23324][INFO    ] PUT:/apigo/corinas [0:0:0:0:0:0:0:1] -> {NOT FOUND} - 404 Not Found [dmvcframework]
2021-10-24 20:11:05:394  [TID      23324][ERROR   ] [EMVCException] Not Found (Custom message: "PUT /apigo/corinas") [dmvcframework]
2021-10-24 20:13:02:222  [TID      22860][INFO    ] PUT:/apigo/corinas [0:0:0:0:0:0:0:1] -> {NOT FOUND} - 404 Not Found [dmvcframework]
2021-10-24 20:14:28:992  [TID      22860][ERROR   ] [EMVCException] Not Found (Custom message: "PUT /apigo/corinas") [dmvcframework]
2021-10-24 20:15:31:331  [TID      24232][INFO    ] Default Logger initialized [dmvcframework]
2021-10-24 20:15:31:331  [TID      24232][INFO    ] Server started on port 8090 [dmvcframework]
2021-10-24 20:15:54:369  [TID       3372][INFO    ] ENTER: Config default values [dmvcframework]
2021-10-24 20:15:54:369  [TID       3372][INFO    ] EXIT: Config default values [dmvcframework]
2021-10-24 20:15:54:369  [TID       3372][INFO    ] >> Custom configuration method [dmvcframework]
2021-10-24 20:15:54:369  [TID       3372][INFO    ] << Custom configuration method [dmvcframework]
2021-10-24 20:15:54:369  [TID       3372][INFO    ] ENTER: LoadSystemControllers [dmvcframework]
2021-10-24 20:15:54:369  [TID       3372][INFO    ] EXIT: LoadSystemControllers [dmvcframework]
2021-10-24 20:15:54:370  [TID       3372][INFO    ] PUT:/apigo/corinas [0:0:0:0:0:0:0:1] -> {NOT FOUND} - 404 Not Found [dmvcframework]
2021-10-24 20:16:12:953  [TID       3372][ERROR   ] [EMVCException] Not Found (Custom message: "PUT /apigo/corinas") [dmvcframework]
2021-10-24 20:16:57:766  [TID      19408][INFO    ] PUT:/apigo/corinas [0:0:0:0:0:0:0:1] -> {NOT FOUND} - 404 Not Found [dmvcframework]
2021-10-24 20:17:23:488  [TID      19408][ERROR   ] [EMVCException] Not Found (Custom message: "PUT /apigo/corinas") [dmvcframework]
2021-10-24 20:18:15:106  [TID      13804][INFO    ] PUT:/apigo/corinas [0:0:0:0:0:0:0:1] -> {NOT FOUND} - 404 Not Found [dmvcframework]
2021-10-24 20:18:24:136  [TID      13804][ERROR   ] [EMVCException] Not Found (Custom message: "PUT /apigo/corinas") [dmvcframework]
2021-10-24 20:18:58:678  [TID      20792][ERROR   ] [ESQLiteNativeException] [FireDAC][Phys][SQLite] ERROR: near ":PCATALOG": syntax error (Custom message: "Global Action Exception Handler") [dmvcframework]
2021-10-24 20:20:35:640  [TID      20948][INFO    ] Default Logger initialized [dmvcframework]
2021-10-24 20:20:35:640  [TID      20948][INFO    ] Server started on port 8090 [dmvcframework]
2021-10-24 20:20:38:676  [TID      23076][INFO    ] ENTER: Config default values [dmvcframework]
2021-10-24 20:20:38:676  [TID      23076][INFO    ] EXIT: Config default values [dmvcframework]
2021-10-24 20:20:38:676  [TID      23076][INFO    ] >> Custom configuration method [dmvcframework]
2021-10-24 20:20:38:676  [TID      23076][INFO    ] << Custom configuration method [dmvcframework]
2021-10-24 20:20:38:676  [TID      23076][INFO    ] ENTER: LoadSystemControllers [dmvcframework]
2021-10-24 20:20:38:676  [TID      23076][INFO    ] EXIT: LoadSystemControllers [dmvcframework]
2021-10-24 20:21:01:577  [TID      23076][INFO    ] POST:/apigo/corinas [0:0:0:0:0:0:0:1] -> UMVCcontroller.TApiGoController.CreateTableItem - 200 OK [dmvcframework]
2021-10-24 20:21:15:305  [TID      13432][INFO    ] GET:/apigo/corinas [0:0:0:0:0:0:0:1] -> UMVCcontroller.TApiGoController.GetTable - 200 OK [dmvcframework]
2021-10-24 20:21:48:275  [TID      23076][INFO    ] POST:/apigo/corinas [0:0:0:0:0:0:0:1] -> UMVCcontroller.TApiGoController.CreateTableItem - 200 OK [dmvcframework]
2021-10-24 20:21:56:221  [TID      13432][INFO    ] GET:/apigo/corinas [0:0:0:0:0:0:0:1] -> UMVCcontroller.TApiGoController.GetTable - 200 OK [dmvcframework]
2021-10-24 20:35:26:677  [TID      13840][INFO    ] Default Logger initialized [dmvcframework]
2021-10-24 20:35:26:677  [TID      13840][INFO    ] Server started on port 8090 [dmvcframework]
2021-10-24 20:36:36:583  [TID      21700][INFO    ] ENTER: Config default values [dmvcframework]
2021-10-24 20:36:36:583  [TID      21700][INFO    ] EXIT: Config default values [dmvcframework]
2021-10-24 20:36:36:583  [TID      21700][INFO    ] >> Custom configuration method [dmvcframework]
2021-10-24 20:36:36:583  [TID      21700][INFO    ] << Custom configuration method [dmvcframework]
2021-10-24 20:36:36:583  [TID      21700][INFO    ] ENTER: LoadSystemControllers [dmvcframework]
2021-10-24 20:36:36:583  [TID      21700][INFO    ] EXIT: LoadSystemControllers [dmvcframework]
2021-10-24 20:36:44:831  [TID      21700][ERROR   ] [ESQLiteNativeException] [FireDAC][Phys][SQLite] ERROR: no such table: albums (Custom message: "Global Action Exception Handler") [dmvcframework]
2021-10-24 20:38:19:680  [TID      14020][INFO    ] Default Logger initialized [dmvcframework]
2021-10-24 20:38:19:680  [TID      14020][INFO    ] Server started on port 8090 [dmvcframework]
2021-10-24 20:38:24:089  [TID      21944][INFO    ] ENTER: Config default values [dmvcframework]
2021-10-24 20:38:24:089  [TID      21944][INFO    ] EXIT: Config default values [dmvcframework]
2021-10-24 20:38:24:089  [TID      21944][INFO    ] >> Custom configuration method [dmvcframework]
2021-10-24 20:38:24:089  [TID      21944][INFO    ] << Custom configuration method [dmvcframework]
2021-10-24 20:38:24:089  [TID      21944][INFO    ] ENTER: LoadSystemControllers [dmvcframework]
2021-10-24 20:38:24:089  [TID      21944][INFO    ] EXIT: LoadSystemControllers [dmvcframework]
2021-10-24 20:38:26:292  [TID      21944][INFO    ] PUT:/apigo/corinas/3 [0:0:0:0:0:0:0:1] -> UMVCcontroller.TApiGoController.UpdateTableItem - 200  Se ha actualizado el elemento con Id = 3 [dmvcframework]
2021-10-24 20:38:32:534  [TID       4784][INFO    ] PUT:/apigo/corinas/3 [0:0:0:0:0:0:0:1] -> UMVCcontroller.TApiGoController.UpdateTableItem - 200  Se ha actualizado el elemento con Id = 3 [dmvcframework]
2021-10-24 20:39:48:041  [TID       7880][INFO    ] PUT:/apigo/corinas/3 [0:0:0:0:0:0:0:1] -> UMVCcontroller.TApiGoController.UpdateTableItem - 200  Se ha actualizado el elemento con Id = 3 [dmvcframework]
2021-10-24 20:40:11:476  [TID      23724][INFO    ] GET:/apigo/corinas [0:0:0:0:0:0:0:1] -> UMVCcontroller.TApiGoController.GetTable - 200 OK [dmvcframework]
2021-10-24 20:40:33:345  [TID      23724][INFO    ] GET:/apigo/corinas [0:0:0:0:0:0:0:1] -> UMVCcontroller.TApiGoController.GetTable - 200 OK [dmvcframework]
2021-10-24 20:41:11:885  [TID      23020][INFO    ] Default Logger initialized [dmvcframework]
2021-10-24 20:41:11:885  [TID      23020][INFO    ] Server started on port 8090 [dmvcframework]
2021-10-24 20:41:14:846  [TID       3480][INFO    ] ENTER: Config default values [dmvcframework]
2021-10-24 20:41:14:846  [TID       3480][INFO    ] EXIT: Config default values [dmvcframework]
2021-10-24 20:41:14:846  [TID       3480][INFO    ] >> Custom configuration method [dmvcframework]
2021-10-24 20:41:14:846  [TID       3480][INFO    ] << Custom configuration method [dmvcframework]
2021-10-24 20:41:14:846  [TID       3480][INFO    ] ENTER: LoadSystemControllers [dmvcframework]
2021-10-24 20:41:14:846  [TID       3480][INFO    ] EXIT: LoadSystemControllers [dmvcframework]
2021-10-24 20:41:38:726  [TID       3480][INFO    ] PUT:/apigo/corinas/3 [0:0:0:0:0:0:0:1] -> UMVCcontroller.TApiGoController.UpdateTableItem - 200  Se ha actualizado el elemento con Id = 3 [dmvcframework]
2021-10-24 20:41:56:810  [TID      22384][INFO    ] PUT:/apigo/corinas/3 [0:0:0:0:0:0:0:1] -> UMVCcontroller.TApiGoController.UpdateTableItem - 200  Se ha actualizado el elemento con Id = 3 [dmvcframework]
2021-10-24 20:42:54:292  [TID      15920][INFO    ] PUT:/apigo/corinas/1 [0:0:0:0:0:0:0:1] -> UMVCcontroller.TApiGoController.UpdateTableItem - 200  Se ha actualizado el elemento con Id = 1 [dmvcframework]
2021-10-24 20:45:00:306  [TID      21616][INFO    ] Default Logger initialized [dmvcframework]
2021-10-24 20:45:00:306  [TID      21616][INFO    ] Server started on port 8090 [dmvcframework]
2021-10-24 20:45:42:029  [TID      18584][INFO    ] ENTER: Config default values [dmvcframework]
2021-10-24 20:45:42:029  [TID      18584][INFO    ] EXIT: Config default values [dmvcframework]
2021-10-24 20:45:42:029  [TID      18584][INFO    ] >> Custom configuration method [dmvcframework]
2021-10-24 20:45:42:029  [TID      18584][INFO    ] << Custom configuration method [dmvcframework]
2021-10-24 20:45:42:029  [TID      18584][INFO    ] ENTER: LoadSystemControllers [dmvcframework]
2021-10-24 20:45:42:029  [TID      18584][INFO    ] EXIT: LoadSystemControllers [dmvcframework]
2021-10-24 20:45:42:033  [TID      18584][INFO    ] DELETE:/apigo/corinas/1 [0:0:0:0:0:0:0:1] -> UMVCcontroller.TApiGoController.DeleteTableItem - 200  El elemento se ha borrado correctamente [dmvcframework]
2021-10-24 20:46:00:467  [TID       3880][ERROR   ] [EDatabaseError] qCatalog: Cannot perform this operation on an empty dataset (Custom message: "Global Action Exception Handler") [dmvcframework]
2021-10-24 20:46:22:705  [TID       3880][INFO    ] POST:/apigo/corinas [0:0:0:0:0:0:0:1] -> UMVCcontroller.TApiGoController.CreateTableItem - 200 OK [dmvcframework]
2021-10-24 20:46:59:063  [TID       3880][ERROR   ] [EArgumentOutOfRangeException] Argument out of range (Custom message: "Global Action Exception Handler") [dmvcframework]
2021-10-24 20:47:08:324  [TID       3880][INFO    ] POST:/apigo/corinas [0:0:0:0:0:0:0:1] -> UMVCcontroller.TApiGoController.CreateTableItem - 200 OK [dmvcframework]
2021-10-24 20:47:12:926  [TID       3880][INFO    ] POST:/apigo/corinas [0:0:0:0:0:0:0:1] -> UMVCcontroller.TApiGoController.CreateTableItem - 200 OK [dmvcframework]
2021-10-24 20:47:20:671  [TID       3880][INFO    ] POST:/apigo/corinas [0:0:0:0:0:0:0:1] -> UMVCcontroller.TApiGoController.CreateTableItem - 200 OK [dmvcframework]
2021-10-24 20:47:21:528  [TID       3880][INFO    ] POST:/apigo/corinas [0:0:0:0:0:0:0:1] -> UMVCcontroller.TApiGoController.CreateTableItem - 200 OK [dmvcframework]
2021-10-24 20:47:22:146  [TID       3880][INFO    ] POST:/apigo/corinas [0:0:0:0:0:0:0:1] -> UMVCcontroller.TApiGoController.CreateTableItem - 200 OK [dmvcframework]
2021-10-24 20:47:23:827  [TID       3880][INFO    ] POST:/apigo/corinas [0:0:0:0:0:0:0:1] -> UMVCcontroller.TApiGoController.CreateTableItem - 200 OK [dmvcframework]
2021-10-24 20:47:24:589  [TID       3880][INFO    ] POST:/apigo/corinas [0:0:0:0:0:0:0:1] -> UMVCcontroller.TApiGoController.CreateTableItem - 200 OK [dmvcframework]
2021-10-24 20:47:25:152  [TID       3880][INFO    ] POST:/apigo/corinas [0:0:0:0:0:0:0:1] -> UMVCcontroller.TApiGoController.CreateTableItem - 200 OK [dmvcframework]
2021-10-24 20:47:34:883  [TID       3880][INFO    ] GET:/apigo/corinas [0:0:0:0:0:0:0:1] -> UMVCcontroller.TApiGoController.GetTable - 200 OK [dmvcframework]
2021-10-24 20:48:00:061  [TID       3880][ERROR   ] [EArgumentOutOfRangeException] Argument out of range (Custom message: "Global Action Exception Handler") [dmvcframework]
2021-10-24 20:48:12:737  [TID       3880][INFO    ] GET:/apigo/corinas [0:0:0:0:0:0:0:1] -> UMVCcontroller.TApiGoController.GetTable - 200 OK [dmvcframework]
2021-10-24 20:48:33:760  [TID       3880][ERROR   ] [EArgumentOutOfRangeException] Argument out of range (Custom message: "Global Action Exception Handler") [dmvcframework]
2021-10-24 20:49:18:855  [TID       3880][ERROR   ] [EArgumentOutOfRangeException] Argument out of range (Custom message: "Global Action Exception Handler") [dmvcframework]
2021-10-24 20:52:27:399  [TID      24356][INFO    ] Default Logger initialized [dmvcframework]
2021-10-24 20:52:27:399  [TID      24356][INFO    ] Server started on port 8090 [dmvcframework]
2021-10-24 20:53:23:585  [TID       1468][INFO    ] Default Logger initialized [dmvcframework]
2021-10-24 20:53:23:585  [TID       1468][INFO    ] Server started on port 8090 [dmvcframework]
2021-10-24 20:53:33:635  [TID      22388][INFO    ] ENTER: Config default values [dmvcframework]
2021-10-24 20:53:33:635  [TID      22388][INFO    ] EXIT: Config default values [dmvcframework]
2021-10-24 20:53:33:635  [TID      22388][INFO    ] >> Custom configuration method [dmvcframework]
2021-10-24 20:53:33:635  [TID      22388][INFO    ] << Custom configuration method [dmvcframework]
2021-10-24 20:53:33:635  [TID      22388][INFO    ] ENTER: LoadSystemControllers [dmvcframework]
2021-10-24 20:53:33:635  [TID      22388][INFO    ] EXIT: LoadSystemControllers [dmvcframework]
2021-10-24 20:53:33:644  [TID      22388][INFO    ] POST:/apigo/corinas [0:0:0:0:0:0:0:1] -> UMVCcontroller.TApiGoController.CreateTableItem - 200 OK [dmvcframework]
2021-10-24 20:53:41:889  [TID      22388][INFO    ] POST:/apigo/corinas [0:0:0:0:0:0:0:1] -> UMVCcontroller.TApiGoController.CreateTableItem - 200 OK [dmvcframework]
2021-10-24 20:53:52:816  [TID      22388][INFO    ] GET:/apigo/corinas [0:0:0:0:0:0:0:1] -> UMVCcontroller.TApiGoController.GetTable - 200 OK [dmvcframework]
2021-10-24 20:54:42:732  [TID      22388][INFO    ] PUT:/apigo/corinas/13 [0:0:0:0:0:0:0:1] -> UMVCcontroller.TApiGoController.UpdateTableItem - 200  Se ha actualizado el elemento con Id = 13 [dmvcframework]
2021-10-24 20:55:52:361  [TID      13208][INFO    ] Default Logger initialized [dmvcframework]
2021-10-24 20:55:52:361  [TID      13208][INFO    ] Server started on port 8090 [dmvcframework]
2021-10-24 20:56:02:168  [TID       1684][INFO    ] Default Logger initialized [dmvcframework]
2021-10-24 20:56:02:168  [TID       1684][INFO    ] Server started on port 8090 [dmvcframework]
2021-10-24 20:56:11:360  [TID      17412][INFO    ] ENTER: Config default values [dmvcframework]
2021-10-24 20:56:11:360  [TID      17412][INFO    ] EXIT: Config default values [dmvcframework]
2021-10-24 20:56:11:360  [TID      17412][INFO    ] >> Custom configuration method [dmvcframework]
2021-10-24 20:56:11:360  [TID      17412][INFO    ] << Custom configuration method [dmvcframework]
2021-10-24 20:56:11:360  [TID      17412][INFO    ] ENTER: LoadSystemControllers [dmvcframework]
2021-10-24 20:56:11:361  [TID      17412][INFO    ] EXIT: LoadSystemControllers [dmvcframework]
2021-10-24 20:56:11:365  [TID      17412][INFO    ] PUT:/apigo/corinas/13 [0:0:0:0:0:0:0:1] -> UMVCcontroller.TApiGoController.UpdateTableItem - 200  Se ha actualizado el elemento con Id =  [dmvcframework]
2021-10-24 20:56:44:312  [TID      17412][INFO    ] GET:/apigo/corinas [0:0:0:0:0:0:0:1] -> UMVCcontroller.TApiGoController.GetTable - 200 OK [dmvcframework]
2021-10-24 20:57:04:395  [TID      17412][ERROR   ] [EArgumentOutOfRangeException] Argument out of range (Custom message: "Global Action Exception Handler") [dmvcframework]
2021-10-24 20:57:34:577  [TID      17412][ERROR   ] [EArgumentOutOfRangeException] Argument out of range (Custom message: "Global Action Exception Handler") [dmvcframework]
2021-10-24 20:59:12:809  [TID      12336][INFO    ] Default Logger initialized [dmvcframework]
2021-10-24 20:59:12:809  [TID      12336][INFO    ] Server started on port 8090 [dmvcframework]
2021-10-24 20:59:21:564  [TID       3260][INFO    ] Default Logger initialized [dmvcframework]
2021-10-24 20:59:21:564  [TID       3260][INFO    ] Server started on port 8090 [dmvcframework]
2021-10-24 20:59:29:524  [TID      24456][INFO    ] ENTER: Config default values [dmvcframework]
2021-10-24 20:59:29:524  [TID      24456][INFO    ] EXIT: Config default values [dmvcframework]
2021-10-24 20:59:29:524  [TID      24456][INFO    ] >> Custom configuration method [dmvcframework]
2021-10-24 20:59:29:524  [TID      24456][INFO    ] << Custom configuration method [dmvcframework]
2021-10-24 20:59:29:525  [TID      24456][INFO    ] ENTER: LoadSystemControllers [dmvcframework]
2021-10-24 20:59:29:525  [TID      24456][INFO    ] EXIT: LoadSystemControllers [dmvcframework]
2021-10-24 20:59:38:514  [TID      24456][INFO    ] PUT:/apigo/corinas/13 [0:0:0:0:0:0:0:1] -> UMVCcontroller.TApiGoController.UpdateTableItem - 200  Se ha actualizado el elemento con Id =  [dmvcframework]
2021-10-24 21:00:45:823  [TID       4040][INFO    ] Default Logger initialized [dmvcframework]
2021-10-24 21:00:45:823  [TID       4040][INFO    ] Server started on port 8090 [dmvcframework]
2021-10-24 21:00:55:492  [TID      12064][INFO    ] ENTER: Config default values [dmvcframework]
2021-10-24 21:00:55:492  [TID      12064][INFO    ] EXIT: Config default values [dmvcframework]
2021-10-24 21:00:55:492  [TID      12064][INFO    ] >> Custom configuration method [dmvcframework]
2021-10-24 21:00:55:492  [TID      12064][INFO    ] << Custom configuration method [dmvcframework]
2021-10-24 21:00:55:492  [TID      12064][INFO    ] ENTER: LoadSystemControllers [dmvcframework]
2021-10-24 21:00:55:492  [TID      12064][INFO    ] EXIT: LoadSystemControllers [dmvcframework]
2021-10-24 21:00:57:421  [TID      12064][INFO    ] PUT:/apigo/corinas/13 [0:0:0:0:0:0:0:1] -> UMVCcontroller.TApiGoController.UpdateTableItem - 200  Se ha actualizado el elemento con Id = 13 [dmvcframework]
2021-10-24 21:01:06:161  [TID      15552][INFO    ] GET:/apigo/corinas [0:0:0:0:0:0:0:1] -> UMVCcontroller.TApiGoController.GetTable - 200 OK [dmvcframework]
2021-10-24 21:01:24:794  [TID      15552][INFO    ] DELETE:/apigo/corinas/13 [0:0:0:0:0:0:0:1] -> UMVCcontroller.TApiGoController.DeleteTableItem - 200  El elemento se ha borrado correctamente [dmvcframework]
2021-10-24 21:01:29:727  [TID      23436][INFO    ] GET:/apigo/corinas [0:0:0:0:0:0:0:1] -> UMVCcontroller.TApiGoController.GetTable - 200 OK [dmvcframework]
2021-10-24 21:01:43:221  [TID      23436][INFO    ] POST:/apigo/corinas [0:0:0:0:0:0:0:1] -> UMVCcontroller.TApiGoController.CreateTableItem - 200 OK [dmvcframework]
2021-10-24 21:01:43:966  [TID      23436][INFO    ] POST:/apigo/corinas [0:0:0:0:0:0:0:1] -> UMVCcontroller.TApiGoController.CreateTableItem - 200 OK [dmvcframework]
2021-10-24 21:01:44:675  [TID      23436][INFO    ] POST:/apigo/corinas [0:0:0:0:0:0:0:1] -> UMVCcontroller.TApiGoController.CreateTableItem - 200 OK [dmvcframework]
2021-10-24 21:01:45:345  [TID      23436][INFO    ] POST:/apigo/corinas [0:0:0:0:0:0:0:1] -> UMVCcontroller.TApiGoController.CreateTableItem - 200 OK [dmvcframework]
2021-10-24 21:01:45:988  [TID      23436][INFO    ] POST:/apigo/corinas [0:0:0:0:0:0:0:1] -> UMVCcontroller.TApiGoController.CreateTableItem - 200 OK [dmvcframework]
2021-10-24 21:01:46:533  [TID      23436][INFO    ] POST:/apigo/corinas [0:0:0:0:0:0:0:1] -> UMVCcontroller.TApiGoController.CreateTableItem - 200 OK [dmvcframework]
2021-10-24 21:01:47:122  [TID      23436][INFO    ] POST:/apigo/corinas [0:0:0:0:0:0:0:1] -> UMVCcontroller.TApiGoController.CreateTableItem - 200 OK [dmvcframework]
2021-10-24 21:01:47:637  [TID      23436][INFO    ] POST:/apigo/corinas [0:0:0:0:0:0:0:1] -> UMVCcontroller.TApiGoController.CreateTableItem - 200 OK [dmvcframework]
2021-10-24 21:01:48:143  [TID      23436][INFO    ] POST:/apigo/corinas [0:0:0:0:0:0:0:1] -> UMVCcontroller.TApiGoController.CreateTableItem - 200 OK [dmvcframework]
2021-10-24 21:01:53:760  [TID      23436][INFO    ] PUT:/apigo/corinas/14 [0:0:0:0:0:0:0:1] -> UMVCcontroller.TApiGoController.UpdateTableItem - 200  Se ha actualizado el elemento con Id = 14 [dmvcframework]
2021-10-24 21:04:27:361  [TID       8020][INFO    ] Default Logger initialized [dmvcframework]
2021-10-24 21:04:27:361  [TID       8020][INFO    ] Server started on port 8090 [dmvcframework]
2021-10-24 21:04:29:779  [TID      18448][INFO    ] ENTER: Config default values [dmvcframework]
2021-10-24 21:04:29:779  [TID      18448][INFO    ] EXIT: Config default values [dmvcframework]
2021-10-24 21:04:29:779  [TID      18448][INFO    ] >> Custom configuration method [dmvcframework]
2021-10-24 21:04:29:779  [TID      18448][INFO    ] << Custom configuration method [dmvcframework]
2021-10-24 21:04:29:779  [TID      18448][INFO    ] ENTER: LoadSystemControllers [dmvcframework]
2021-10-24 21:04:29:779  [TID      18448][INFO    ] EXIT: LoadSystemControllers [dmvcframework]
2021-10-24 21:04:29:783  [TID      18448][INFO    ] PUT:/apigo/corinas/14 [0:0:0:0:0:0:0:1] -> UMVCcontroller.TApiGoController.UpdateTableItem - 200 OK [dmvcframework]
2021-10-24 21:17:05:305  [TID      13236][INFO    ] Default Logger initialized [dmvcframework]
2021-10-24 21:17:05:336  [TID      13236][INFO    ] Server started on port 8090 [dmvcframework]
2021-10-24 21:17:09:218  [TID       6700][INFO    ] ENTER: Config default values [dmvcframework]
2021-10-24 21:17:09:218  [TID       6700][INFO    ] EXIT: Config default values [dmvcframework]
2021-10-24 21:17:09:218  [TID       6700][INFO    ] >> Custom configuration method [dmvcframework]
2021-10-24 21:17:09:218  [TID       6700][INFO    ] << Custom configuration method [dmvcframework]
2021-10-24 21:17:09:218  [TID       6700][INFO    ] ENTER: LoadSystemControllers [dmvcframework]
2021-10-24 21:17:09:218  [TID       6700][INFO    ] EXIT: LoadSystemControllers [dmvcframework]
2021-10-24 21:17:09:222  [TID       6700][INFO    ] PUT:/apigo/corinas/14 [0:0:0:0:0:0:0:1] -> UMVCcontroller.TApiGoController.UpdateTableItem - 200 OK [dmvcframework]
2021-10-24 21:17:25:217  [TID       6700][ERROR   ] [EDatabaseError] qAtable: Cannot perform this operation on an empty dataset (Custom message: "Global Action Exception Handler") [dmvcframework]
