2021-10-24 14:57:26:094  [TID      18992][INFO    ] Default Logger initialized [dmvcframework]
2021-10-24 14:57:26:103  [TID      18992][INFO    ] Server started on port 8083 [dmvcframework]
2021-10-24 15:00:25:975  [TID      16580][INFO    ] Default Logger initialized [dmvcframework]
2021-10-24 15:00:25:975  [TID      16580][INFO    ] Server started on port 8083 [dmvcframework]
2021-10-24 15:00:36:467  [TID       9060][INFO    ] ENTER: Config default values [dmvcframework]
2021-10-24 15:00:36:467  [TID       9060][INFO    ] EXIT: Config default values [dmvcframework]
2021-10-24 15:00:36:467  [TID       9060][INFO    ] >> Custom configuration method [dmvcframework]
2021-10-24 15:00:36:467  [TID       9060][INFO    ] << Custom configuration method [dmvcframework]
2021-10-24 15:00:36:467  [TID       9060][INFO    ] ENTER: LoadSystemControllers [dmvcframework]
2021-10-24 15:00:36:467  [TID       9060][INFO    ] EXIT: LoadSystemControllers [dmvcframework]
2021-10-24 15:00:36:468  [TID       9060][INFO    ] GET:/api [0:0:0:0:0:0:0:1] -> Unit1.TMyController.Index - 200 OK [dmvcframework]
2021-10-24 15:00:36:524  [TID       9060][INFO    ] GET:/favicon.ico [0:0:0:0:0:0:0:1] -> {NOT FOUND} - 404 Not Found [dmvcframework]
2021-10-24 15:00:38:590  [TID       9060][ERROR   ] [EMVCException] Not Found (Custom message: "GET /favicon.ico") [dmvcframework]
2021-10-24 15:00:44:067  [TID      15920][INFO    ] GET:/api/1 [0:0:0:0:0:0:0:1] -> Unit1.TMyController.GetCustomers - 200 OK [dmvcframework]
2021-10-24 15:01:09:287  [TID      15920][INFO    ] GET:/api/demo [0:0:0:0:0:0:0:1] -> Unit1.TMyController.GetCustomers - 200 OK [dmvcframework]
2021-10-24 15:01:17:824  [TID      15920][INFO    ] GET:/api/demo/12 [0:0:0:0:0:0:0:1] -> Unit1.TMyController.GetCustomer - 200 OK [dmvcframework]
2021-10-24 15:21:06:314  [TID      15292][INFO    ] Default Logger initialized [dmvcframework]
2021-10-24 15:21:06:331  [TID      15292][INFO    ] Server started on port 8083 [dmvcframework]
2021-10-24 15:22:13:722  [TID      17784][INFO    ] Default Logger initialized [dmvcframework]
2021-10-24 15:22:13:722  [TID      17784][INFO    ] Server started on port 8083 [dmvcframework]
2021-10-24 15:22:17:536  [TID       9688][INFO    ] ENTER: Config default values [dmvcframework]
2021-10-24 15:22:17:536  [TID       9688][INFO    ] EXIT: Config default values [dmvcframework]
2021-10-24 15:22:17:536  [TID       9688][INFO    ] >> Custom configuration method [dmvcframework]
2021-10-24 15:22:17:536  [TID       9688][INFO    ] << Custom configuration method [dmvcframework]
2021-10-24 15:22:17:536  [TID       9688][INFO    ] ENTER: LoadSystemControllers [dmvcframework]
2021-10-24 15:22:17:536  [TID       9688][INFO    ] EXIT: LoadSystemControllers [dmvcframework]
2021-10-24 15:22:17:537  [TID       9688][INFO    ] GET:/api/demo/12 [0:0:0:0:0:0:0:1] -> Unit1.TMyController.GetCustomer - 200 OK [dmvcframework]
2021-10-24 15:22:22:724  [TID       9688][ERROR   ] [EAccessViolation] Access violation at address 008C4E55 in module 'Project2.exe'. Read of address 0000006C (Custom message: "Global Action Exception Handler") [dmvcframework]
2021-10-24 15:23:02:758  [TID      14404][ERROR   ] [EAccessViolation] Access violation at address 008C4E55 in module 'Project2.exe'. Read of address 0000006C (Custom message: "Global Action Exception Handler") [dmvcframework]
2021-10-24 15:24:05:129  [TID      22004][INFO    ] Default Logger initialized [dmvcframework]
2021-10-24 15:24:05:139  [TID      22004][INFO    ] Server started on port 8083 [dmvcframework]
2021-10-24 15:24:07:366  [TID       9088][INFO    ] ENTER: Config default values [dmvcframework]
2021-10-24 15:24:07:366  [TID       9088][INFO    ] EXIT: Config default values [dmvcframework]
2021-10-24 15:24:07:366  [TID       9088][INFO    ] >> Custom configuration method [dmvcframework]
2021-10-24 15:24:07:366  [TID       9088][INFO    ] << Custom configuration method [dmvcframework]
2021-10-24 15:24:07:366  [TID       9088][INFO    ] ENTER: LoadSystemControllers [dmvcframework]
2021-10-24 15:24:07:366  [TID       9088][INFO    ] EXIT: LoadSystemControllers [dmvcframework]
2021-10-24 15:24:10:933  [TID       9088][INFO    ] GET:/api/familias [0:0:0:0:0:0:0:1] -> Unit1.TMyController.GetCustomers - 200 OK [dmvcframework]
2021-10-24 17:29:15:956  [TID       6288][INFO    ] Default Logger initialized [dmvcframework]
2021-10-24 17:29:15:956  [TID       6288][INFO    ] Server started on port 8083 [dmvcframework]
2021-10-24 17:29:17:968  [TID      17208][INFO    ] ENTER: Config default values [dmvcframework]
2021-10-24 17:29:17:968  [TID      17208][INFO    ] EXIT: Config default values [dmvcframework]
2021-10-24 17:29:17:968  [TID      17208][INFO    ] >> Custom configuration method [dmvcframework]
2021-10-24 17:29:17:968  [TID      17208][INFO    ] << Custom configuration method [dmvcframework]
2021-10-24 17:29:17:968  [TID      17208][INFO    ] ENTER: LoadSystemControllers [dmvcframework]
2021-10-24 17:29:17:968  [TID      17208][INFO    ] EXIT: LoadSystemControllers [dmvcframework]
2021-10-24 17:29:24:816  [TID      17208][ERROR   ] [ESQLiteNativeException] [FireDAC][Phys][SQLite] ERROR: near ":PCATALOG": syntax error (Custom message: "Global Action Exception Handler") [dmvcframework]
2021-10-24 17:30:34:274  [TID      18444][ERROR   ] [ESQLiteNativeException] [FireDAC][Phys][SQLite] ERROR: near ":PCATALOG": syntax error (Custom message: "Global Action Exception Handler") [dmvcframework]
2021-10-24 17:31:25:544  [TID      23752][INFO    ] Default Logger initialized [dmvcframework]
2021-10-24 17:31:25:563  [TID      23752][INFO    ] Server started on port 8083 [dmvcframework]
2021-10-24 17:31:27:779  [TID      19028][INFO    ] ENTER: Config default values [dmvcframework]
2021-10-24 17:31:27:779  [TID      19028][INFO    ] EXIT: Config default values [dmvcframework]
2021-10-24 17:31:27:779  [TID      19028][INFO    ] >> Custom configuration method [dmvcframework]
2021-10-24 17:31:27:779  [TID      19028][INFO    ] << Custom configuration method [dmvcframework]
2021-10-24 17:31:27:779  [TID      19028][INFO    ] ENTER: LoadSystemControllers [dmvcframework]
2021-10-24 17:31:27:779  [TID      19028][INFO    ] EXIT: LoadSystemControllers [dmvcframework]
2021-10-24 17:31:30:497  [TID      19028][INFO    ] GET:/api/familias [0:0:0:0:0:0:0:1] -> Unit1.TMyController.GetCustomers - 200 OK [dmvcframework]
2021-10-24 17:38:33:179  [TID      13104][INFO    ] Default Logger initialized [dmvcframework]
2021-10-24 17:38:33:199  [TID      13104][INFO    ] Server started on port 8083 [dmvcframework]
2021-10-24 17:38:35:371  [TID      23572][INFO    ] ENTER: Config default values [dmvcframework]
2021-10-24 17:38:35:371  [TID      23572][INFO    ] EXIT: Config default values [dmvcframework]
2021-10-24 17:38:35:371  [TID      23572][INFO    ] >> Custom configuration method [dmvcframework]
2021-10-24 17:38:35:371  [TID      23572][INFO    ] << Custom configuration method [dmvcframework]
2021-10-24 17:38:35:371  [TID      23572][INFO    ] ENTER: LoadSystemControllers [dmvcframework]
2021-10-24 17:38:35:371  [TID      23572][INFO    ] EXIT: LoadSystemControllers [dmvcframework]
2021-10-24 17:38:42:203  [TID      23572][ERROR   ] [EMVCException] Invalid parameter Atable for action GetTable (Hint: Here parameters names are case-sensitive) (Custom message: "") [dmvcframework]
2021-10-24 17:38:56:289  [TID      22564][ERROR   ] [EMVCException] Invalid parameter Atable for action GetTable (Hint: Here parameters names are case-sensitive) (Custom message: "") [dmvcframework]
2021-10-24 17:39:33:649  [TID      12196][INFO    ] Default Logger initialized [dmvcframework]
2021-10-24 17:39:33:665  [TID      12196][INFO    ] Server started on port 8083 [dmvcframework]
2021-10-24 17:39:35:330  [TID      18420][INFO    ] ENTER: Config default values [dmvcframework]
2021-10-24 17:39:35:330  [TID      18420][INFO    ] EXIT: Config default values [dmvcframework]
2021-10-24 17:39:35:330  [TID      18420][INFO    ] >> Custom configuration method [dmvcframework]
2021-10-24 17:39:35:330  [TID      18420][INFO    ] << Custom configuration method [dmvcframework]
2021-10-24 17:39:35:330  [TID      18420][INFO    ] ENTER: LoadSystemControllers [dmvcframework]
2021-10-24 17:39:35:330  [TID      18420][INFO    ] EXIT: LoadSystemControllers [dmvcframework]
2021-10-24 17:39:39:195  [TID      18420][INFO    ] GET:/api/familias [0:0:0:0:0:0:0:1] -> Unit1.TMyController.GetTable - 200 OK [dmvcframework]
2021-10-24 17:42:59:942  [TID      23572][INFO    ] Default Logger initialized [dmvcframework]
2021-10-24 17:42:59:954  [TID      23572][INFO    ] Server started on port 8083 [dmvcframework]
2021-10-24 17:43:01:472  [TID      23016][INFO    ] ENTER: Config default values [dmvcframework]
2021-10-24 17:43:01:472  [TID      23016][INFO    ] EXIT: Config default values [dmvcframework]
2021-10-24 17:43:01:472  [TID      23016][INFO    ] >> Custom configuration method [dmvcframework]
2021-10-24 17:43:01:472  [TID      23016][INFO    ] << Custom configuration method [dmvcframework]
2021-10-24 17:43:01:472  [TID      23016][INFO    ] ENTER: LoadSystemControllers [dmvcframework]
2021-10-24 17:43:01:472  [TID      23016][INFO    ] EXIT: LoadSystemControllers [dmvcframework]
2021-10-24 17:43:05:603  [TID      23016][ERROR   ] [ESQLiteNativeException] [FireDAC][Phys][SQLite] ERROR: near ":1": syntax error (Custom message: "Global Action Exception Handler") [dmvcframework]
2021-10-24 17:43:32:419  [TID      12208][INFO    ] Default Logger initialized [dmvcframework]
2021-10-24 17:43:32:435  [TID      12208][INFO    ] Server started on port 8083 [dmvcframework]
2021-10-24 17:43:33:921  [TID      23760][INFO    ] ENTER: Config default values [dmvcframework]
2021-10-24 17:43:33:921  [TID      23760][INFO    ] EXIT: Config default values [dmvcframework]
2021-10-24 17:43:33:921  [TID      23760][INFO    ] >> Custom configuration method [dmvcframework]
2021-10-24 17:43:33:921  [TID      23760][INFO    ] << Custom configuration method [dmvcframework]
2021-10-24 17:43:33:921  [TID      23760][INFO    ] ENTER: LoadSystemControllers [dmvcframework]
2021-10-24 17:43:33:921  [TID      23760][INFO    ] EXIT: LoadSystemControllers [dmvcframework]
2021-10-24 17:43:38:764  [TID      23760][ERROR   ] [ESQLiteNativeException] [FireDAC][Phys][SQLite] ERROR: near ":1": syntax error (Custom message: "Global Action Exception Handler") [dmvcframework]
2021-10-24 17:43:49:088  [TID      22508][INFO    ] Default Logger initialized [dmvcframework]
2021-10-24 17:43:49:107  [TID      22508][INFO    ] Server started on port 8083 [dmvcframework]
2021-10-24 17:43:51:331  [TID       7776][INFO    ] ENTER: Config default values [dmvcframework]
2021-10-24 17:43:51:331  [TID       7776][INFO    ] EXIT: Config default values [dmvcframework]
2021-10-24 17:43:51:331  [TID       7776][INFO    ] >> Custom configuration method [dmvcframework]
2021-10-24 17:43:51:331  [TID       7776][INFO    ] << Custom configuration method [dmvcframework]
2021-10-24 17:43:51:331  [TID       7776][INFO    ] ENTER: LoadSystemControllers [dmvcframework]
2021-10-24 17:43:51:331  [TID       7776][INFO    ] EXIT: LoadSystemControllers [dmvcframework]
2021-10-24 17:45:05:642  [TID      21176][INFO    ] Default Logger initialized [dmvcframework]
2021-10-24 17:45:05:668  [TID      21176][INFO    ] Server started on port 8083 [dmvcframework]
2021-10-24 17:45:06:296  [TID       6112][INFO    ] ENTER: Config default values [dmvcframework]
2021-10-24 17:45:06:296  [TID       6112][INFO    ] EXIT: Config default values [dmvcframework]
2021-10-24 17:45:06:296  [TID       6112][INFO    ] >> Custom configuration method [dmvcframework]
2021-10-24 17:45:06:296  [TID       6112][INFO    ] << Custom configuration method [dmvcframework]
2021-10-24 17:45:06:296  [TID       6112][INFO    ] ENTER: LoadSystemControllers [dmvcframework]
2021-10-24 17:45:06:296  [TID       6112][INFO    ] EXIT: LoadSystemControllers [dmvcframework]
2021-10-24 17:45:06:310  [TID       6112][INFO    ] GET:/api/familias [0:0:0:0:0:0:0:1] -> Unit1.TMyController.GetTable - 200 OK [dmvcframework]
2021-10-24 17:45:09:584  [TID      17276][INFO    ] GET:/api/familias [0:0:0:0:0:0:0:1] -> Unit1.TMyController.GetTable - 200 OK [dmvcframework]
2021-10-24 17:45:19:501  [TID      17276][INFO    ] GET:/api/familias/1 [0:0:0:0:0:0:0:1] -> Unit1.TMyController.GetTableItem - 200 OK [dmvcframework]
2021-10-24 17:45:24:518  [TID      17276][INFO    ] GET:/api/familias/2 [0:0:0:0:0:0:0:1] -> Unit1.TMyController.GetTableItem - 200 OK [dmvcframework]
2021-10-24 17:45:27:512  [TID      17276][INFO    ] GET:/api/familias/3 [0:0:0:0:0:0:0:1] -> Unit1.TMyController.GetTableItem - 200 OK [dmvcframework]
2021-10-24 17:45:30:935  [TID      17276][INFO    ] GET:/api/familias/33 [0:0:0:0:0:0:0:1] -> Unit1.TMyController.GetTableItem - 200 OK [dmvcframework]
2021-10-24 17:45:39:685  [TID      17276][ERROR   ] [ESQLiteNativeException] [FireDAC][Phys][SQLite] ERROR: near "123": syntax error (Custom message: "Global Action Exception Handler") [dmvcframework]
